█Getting uuid of QR code.
Downloading QR code.
                                                  ██████████████████████████████████████████████████████████████████████████████
██              ████    ██      ██████  ██    ████  ██  ██████              ██
██  ██████████  ████  ████████████████████  ██  ████  ████████  ██████████  ██
██  ██      ██  ██          ████    ██  ████  ██████  ██    ██  ██      ██  ██
██  ██      ██  ██  ██  ██        ██  ████  ████████        ██  ██      ██  ██
██  ██      ██  ████  ██        ██  ██      ██    ██    ██████  ██      ██  ██
██  ██████████  ██████    ██████  ██  ██████      ████  ██████  ██████████  ██
██              ██  ██  ██  ██  ██  ██  ██  ██  ██  ██  ██  ██              ██
████████████████████  ████  ██      ████        ██    ██    ██████████████████
████████    ██    ██      ████  ████████  ██        ████████████████    ██████
████    ██    ██    ██████████        ████      ██    ██      ██          ████
████  ██████    ██    ██    ██    ██  ██████    ████  ██            ██████  ██
████      ██  ██  ██      ██  ████    ██  ██  ████  ██  ██        ██    ██  ██
██  ████    ██            ██████████████    ████  ██████    ██    ██████    ██
██████  ████  ██    ████      ██    ██      ██    ████        ████  ██  ██████
████████████      ██      ████  ██  ██████    ██      ██  ██    ██          ██
██  ████████  ████      ██  ████    ██  ██  ██  ████████  ██  ████        ████
████████    ██    ████████        ████████        ██  ████  ██    ████  ██  ██
██        ██████  ██  ██  ████    ████████    ██      ██  ██  ██  ██████  ████
████    ██  ██        ██  ██  ██  ██    ████    ██  ████  ██████  ████  ██  ██
████  ██  ██████████  ██    ██    ██    ██    ████    ██████  ██████  ████████
████████  ██            ████████    ████  ██  ██        ██      ██    ████████
██    ████████████            ██    ██████    ████          ████    ██    ████
████    ██  ██  ██    ██  ██      ██████  ██    ██  ████  ██    ██  ██████  ██
██            ██████  ████  ████    ██████  ██      ██      ████  ████      ██
██████  ████    ██████████  ██  ██  ██  ██  ████████    ██  ██  ██    ██    ██
██  ██████████████        ████████    ██        ██  ██  ██    ████  ████  ████
██      ██        ████  ████  ████          ██  ████        ██      ████    ██
██  ██    ██  ██████  ████  ██████  ████████    ██  ██  ██    ██    ██  ██████
██  ████    ██      ████  ████  ██  ██      ██    ██  ████          ██  ██████
██████████████████  ██      ████████  ██████  ██████  ████  ██████        ████
██              ██  ████    ██    ████  ████████  ████████  ██  ██      ██  ██
██  ██████████  ████████████      ██████████  ██        ██  ██████    ██  ████
██  ██      ██  ██  ██  ████        ██████████████  ████            ████  ████
██  ██      ██  ██  ████    ████████  ██      ██████        ██  ████  ████████
██  ██      ██  ████  ██    ██  ██    ██    ██████  ██  ██  ████            ██
██  ██████████  ██████  ██  ██  ██████  ████    ██████  ██████  ██  ██      ██
██              ████  ██        ██    ██        ██  ██████  ██  ████  ████  ██
██████████████████████████████████████████████████████████████████████████████
Please scan the QR code to log in.
Log in time out, reloading QR code.
Getting uuid of QR code.
Downloading QR code.
                                                  ██████████████████████████████████████████████████████████████████████████████
██              ████      ████  ██████      ██████  ██  ██████              ██
██  ██████████  ██    ██      ████████      ██████  ██  ██████  ██████████  ██
██  ██      ██  ██      ████████          ██  ██  ██        ██  ██      ██  ██
██  ██      ██  ██  ████████████        ██  ██  ██    ██  ████  ██      ██  ██
██  ██      ██  ██        ████  ██████      ████  ████  ██  ██  ██      ██  ██
██  ██████████  ██  ██████    ██    ██  ██    ████  ██  ██  ██  ██████████  ██
██              ██  ██  ██  ██  ██  ██  ██  ██  ██  ██  ██  ██              ██
████████████████████  ██████        ██    ██  ████████      ██████████████████
██████  ████              ████  ██    ████    ████  ██  ████  ██          ████
██            ██  ████  ██  ██  ██      ████  ██          ████    ██  ██    ██
████████    ██                    ██      ██  ████  ████  ██    ██  ██████  ██
██      ██    ██  ██  ████    ██  ██      ██        ██      ██████    ██  ████
██  ██                    ██████  ████      ████████████    ██    ██  ██    ██
██        ██  ██████  ██  ████  ██      ██████  ██    ██          ████  ██  ██
████████    ██          ████████████    ████  ██  ██      ████  ████    ██  ██
████████  ██  ██████    ██████    ████████████████████          ████  ██    ██
████  ██    ██  ██  ██  ██  ██      ████  ██  ████████████████  ██████████  ██
██            ██  ██  ██  ██          ██  ██    ████  ██    ██    ████  ██  ██
██████  ██  ██    ██  ██    ████  ██    ██      ██  ████  ██████  ████  ██  ██
██        ██████  ██  ████    ██  ██  ██  ██  ████████  ████          ████  ██
██  ██    ████  ██        ██          ████  ██████    ████  ██  ████  ██  ████
██      ██  ████  ██  ████    ██  ████  ██  ██  ████      ████    ██████  ████
██      ██████          ████████    ████  ████  ██    ██    ████    ██  ██  ██
██  ██    ██████████              ██    ██████  ██████    ██      ████████  ██
██        ██      ██████    ██████  ██  ██  ████████    ██████        ██  ████
████████████████  ██          ██  ██    ████  ██████  ██    ████  ████      ██
██          ██            ██    ████  ██  ████    ██  ██  ██    ████    ██  ██
██████████  ██████    ████████  ██████████    ██████████  ██    ████  ████  ██
██        ████  ██  ██    ██    ██████████  ████  ██████                ██████
██████████████████  ██  ████████████    ████    ██    ████  ██████    ████  ██
██              ██    ██    ██      ██  ████████  ████████  ██  ██      ██  ██
██  ██████████  ██  ██████  ████████████      ██  ████████  ██████    ██    ██
██  ██      ██  ████          ██    ██  ██  ████    ██              ██████████
██  ██      ██  ██████  ██████  ██    ██    ██  ██  ████  ████████      ██  ██
██  ██      ██  ██        ██████████  ██      ████      ██████████    ██    ██
██  ██████████  ████████    ██  ██    ██  ████      ██  ██    ████  ██████████
██              ████  ██  ████████    ██  ██  ████  ██████  ██  ████  ████  ██
██████████████████████████████████████████████████████████████████████████████
Please scan the QR code to log in.
Log in time out, reloading QR code.
Getting uuid of QR code.
Downloading QR code.
                                                  ██████████████████████████████████████████████████████████████████████████████
██              ████  ██  ██    ████████      ████  ██  ██████              ██
██  ██████████  ████  ████    ██████████  ██████████  ████████  ██████████  ██
██  ██      ██  ██        ██        ██  ██  ████████  ██    ██  ██      ██  ██
██  ██      ██  ██  ██  ██  ██    ██  ██████  ██████        ██  ██      ██  ██
██  ██      ██  ████  ████      ██  ██  ████████  ██    ██████  ██      ██  ██
██  ██████████  ██████    ████    ██  ██████      ████  ██████  ██████████  ██
██              ██  ██  ██  ██  ██  ██  ██  ██  ██  ██  ██  ██              ██
████████████████████  ████████      ██████████  ██    ██    ██████████████████
████████    ██    ██      ██████████████  ██████  ██████████████████    ██████
████    ████  ██      ████████████████████    ██      ██              ██  ████
████      ██    ██    ██    ██      ████████      ██  ██          ████  ██  ██
████  ████  ████  ██████  ██  ██          ██  ████████  ██              ██  ██
██  ██  ██          ██    ██████    ████    ██████  ████    ██    ██        ██
██████████    ██      ██      ██            ██  ██  ██        ████  ██  ██████
██████  ████      ██  ██  ████  ██      ██    ████    ██  ██    ██          ██
██  ████████  ████  ██  ██  ████    ██  ██  ██    ██████  ██  ████        ████
██████            ██████████    ██████  ██      ████  ████  ██    ████  ██  ██
██        ████████        ████    ████  ████  ██      ██  ██  ██  ██████  ████
██  ██  ██  ██  ████  ██████████  ██    ██  ██████  ████  ██████  ████  ██  ██
████  ██  ██████████  ██    ██    ██    ██████████    ██████  ██████  ████████
██    ██  ██      ██    ██          ████    ████        ██      ██    ████████
████████████████  ██      ████      ████  ██    ██    ██    ████    ██      ██
██████  ██  ██    ██  ██  ██      ████████    ████  ████  ██  ████  ██████  ██
██████        ██████  ██████        ████      ██    ██      ██    ████      ██
██████    ██      ██████      ████████  ██  ████████    ██      ██    ██  ████
██  ██████  ██████        ████    ██████      ████  ██  ██    ████        ████
██        ██      ██████████  ██████        ██  ████      ████  ████  ██    ██
██  ████  ██  ██████    ██  ██████    ██████    ██  ██  ████  ██████    ██████
██  ██  ██████      ████  ████    ██        ██        ██            ██  ██████
██████████████████  ████    ██████████  ████  ██  ██  ████  ██████        ████
██              ██    ██    ██  ████████████████  ████████  ██  ██      ██  ██
██  ██████████  ████    ████    ████    ████  ██████    ██  ██████    ██  ████
██  ██      ██  ██  ██  ████    ██  ██████  ██████  ████            ████  ████
██  ██      ██  ██  ████████  ██████  ██  ████████████      ██  ████  ████████
██  ██      ██  ████  ██████  ████    ████████  ██  ██  ██  ████            ██
██  ██████████  ██████  ██      ██████    ██  ████████  ██████  ██  ██      ██
██              ████  ██    ██████    ██  ██  ████  ██████  ██  ████  ████  ██
██████████████████████████████████████████████████████████████████████████████
Please scan the QR code to log in.
Log in time out, reloading QR code.
Getting uuid of QR code.
Downloading QR code.
                                                  ██████████████████████████████████████████████████████████████████████████████
██              ████    ██  ██  ████████    ██████  ██  ██████              ██
██  ██████████  ████  ██████████████████████    ████  ████████  ██████████  ██
██  ██      ██  ██      ██████      ██  ██    ██████  ██    ██  ██      ██  ██
██  ██      ██  ██  ██    ██  ██  ██  ████  ████████        ██  ██      ██  ██
██  ██      ██  ████  ██  ████  ██  ██  ██  ██    ██    ██████  ██      ██  ██
██  ██████████  ██████    ██████  ██  ██████  ██  ████  ██████  ██████████  ██
██              ██  ██  ██  ██  ██  ██  ██  ██  ██  ██  ██  ██              ██
████████████████████  ████████      ██████      ██    ██    ██████████████████
████████    ██    ██    ████    ██  ████  ██████    ████████████████    ██████
██████        ██    ██████████  ██  ██████    ████    ██      ██    ██    ████
████    ████    ██  ██      ██  ██      ████    ██    ██                ██  ██
████      ██████  ██████  ██  ██      ██  ██  ████  ██  ██      ████    ██  ██
██  ██    ████        ██  ██████    ██      ████████████    ██    ██        ██
██████    ██  ██              ████  ████    ██  ██  ██        ████  ██  ██████
██████    ████    ██████  ████          ██    ████    ██  ██    ██          ██
██  ██████████████  ██  ██  ████████  ████  ██  ██  ████  ██  ████        ████
██████    ████        ████        ██  ██████      ██  ████  ██    ████  ██  ██
████      ██████  ██  ██  ████    ██████  ██  ██      ██  ██  ██  ██████  ████
██      ██  ██  ██    ██  ██  ██  ██    ██  ██████  ████  ██████  ████  ██  ██
██    ██  ██████      ██    ██    ██    ████  ████    ██████  ██████  ████████
██    ██  ██            ████████    ██████              ██      ██    ████████
██    ████████████      ██████      ████  ████  ██          ████    ██    ████
██████  ██  ██        ██  ██      ████████      ██  ████  ██    ██  ██████  ██
██████        ████    ██████        ██████  ████    ██      ████  ████  ██  ██
██  ██    ██      ████████      ██  ██        ██████    ██  ██  ██    ████  ██
██  ██  ██████████  ██    ████    ██████      ████  ██  ██    ████  ██    ████
██      ████      ██    ████  ████████      ██  ████      ████  ██  ██      ██
██  ██  ████  ████████  ██  ██████  ████████    ██  ██        ██  ██    ██████
██  ████                  ████    ██████    ██    ██  ██            ██████████
██████████████████          ████      ██████  ██  ██  ████  ██████        ████
██              ██          ██  ████  ██████████  ████████  ██  ██      ██  ██
██  ██████████  ██████  ████    ██████  ████  ██████    ██  ██████    ██  ████
██  ██      ██  ██    ████          ██  ██  ██████  ████            ████  ████
██  ██      ██  ██  ██  ████  ██████    ██    ████████      ██  ████  ████████
██  ██      ██  ████  ████  ██████    ██      ████  ██  ██  ████            ██
██  ██████████  ██████    ████  ██████    ████  ██████  ██████  ██  ██      ██
██              ████  ██  ██    ██    ██  ██    ██  ██████  ██  ████  ████  ██
██████████████████████████████████████████████████████████████████████████████
Please scan the QR code to log in.
Traceback (most recent call last):
  File "/usr/local/lib/python3.6/site-packages/requests/packages/urllib3/connectionpool.py", line 379, in _make_request
    httplib_response = conn.getresponse(buffering=True)
TypeError: getresponse() got an unexpected keyword argument 'buffering'

During handling of the above exception, another exception occurred:

Traceback (most recent call last):
  File "bot.py", line 11, in <module>
    bot = Bot('bot.pkl', console_qr=True)
  File "/usr/local/lib/python3.6/site-packages/wxpy/api/bot.py", line 74, in __init__
    loginCallback=login_callback, exitCallback=logout_callback
  File "/usr/local/lib/python3.6/site-packages/itchat/components/register.py", line 30, in auto_login
    loginCallback=loginCallback, exitCallback=exitCallback)
  File "/usr/local/lib/python3.6/site-packages/itchat/components/login.py", line 48, in login
    status = self.check_login()
  File "/usr/local/lib/python3.6/site-packages/itchat/components/login.py", line 127, in check_login
    r = self.s.get(url, params=params, headers=headers)
  File "/usr/local/lib/python3.6/site-packages/requests/sessions.py", line 531, in get
    return self.request('GET', url, **kwargs)
  File "/usr/local/lib/python3.6/site-packages/requests/sessions.py", line 518, in request
    resp = self.send(prep, **send_kwargs)
  File "/usr/local/lib/python3.6/site-packages/requests/sessions.py", line 639, in send
    r = adapter.send(request, **kwargs)
  File "/usr/local/lib/python3.6/site-packages/requests/adapters.py", line 438, in send
    timeout=timeout
  File "/usr/local/lib/python3.6/site-packages/requests/packages/urllib3/connectionpool.py", line 600, in urlopen
    chunked=chunked)
  File "/usr/local/lib/python3.6/site-packages/requests/packages/urllib3/connectionpool.py", line 382, in _make_request
    httplib_response = conn.getresponse()
  File "/usr/local/Cellar/python3/3.6.1/Frameworks/Python.framework/Versions/3.6/lib/python3.6/http/client.py", line 1331, in getresponse
    response.begin()
  File "/usr/local/Cellar/python3/3.6.1/Frameworks/Python.framework/Versions/3.6/lib/python3.6/http/client.py", line 297, in begin
    version, status, reason = self._read_status()
  File "/usr/local/Cellar/python3/3.6.1/Frameworks/Python.framework/Versions/3.6/lib/python3.6/http/client.py", line 258, in _read_status
    line = str(self.fp.readline(_MAXLINE + 1), "iso-8859-1")
  File "/usr/local/Cellar/python3/3.6.1/Frameworks/Python.framework/Versions/3.6/lib/python3.6/socket.py", line 586, in readinto
    return self._sock.recv_into(b)
  File "/usr/local/Cellar/python3/3.6.1/Frameworks/Python.framework/Versions/3.6/lib/python3.6/ssl.py", line 1002, in recv_into
    return self.read(nbytes, buffer)
  File "/usr/local/Cellar/python3/3.6.1/Frameworks/Python.framework/Versions/3.6/lib/python3.6/ssl.py", line 865, in read
    return self._sslobj.read(len, buffer)
  File "/usr/local/Cellar/python3/3.6.1/Frameworks/Python.framework/Versions/3.6/lib/python3.6/ssl.py", line 625, in read
    v = self._sslobj.read(len, buffer)
KeyboardInterrupt
